[ 2016-04-29T09:25:42+08:00 ] ::1 /index.php?g=Portal&m=AdminPost&a=index&menuid=7
NOTIC: D方法实例化没找到模型类Portal\Model\PostsModel

[ 2016-04-29T10:02:41+08:00 ] ::1 /index.php?g=Portal&m=AdminPost&a=index&menuid=7
NOTIC: D方法实例化没找到模型类Portal\Model\PostsModel

[ 2016-04-29T10:41:02+08:00 ] ::1 /index.php?g=Portal&m=AdminDemandsupplylis&a=index&menuid=163
ERR: 无法加载控制器:AdminDemandsupplylis

[ 2016-04-29T10:41:37+08:00 ] ::1 /index.php?g=Portal&m=AdminDemandsupplylis&a=index&menuid=163
ERR: 无法加载控制器:AdminDemandsupplylis

[ 2016-04-29T10:50:36+08:00 ] ::1 /index.php?g=Portal&m=AdminDemandsupplylis&a=index&menuid=163
ERR: 无法加载控制器:AdminDemandsupplylis

[ 2016-04-29T10:52:21+08:00 ] ::1 /index.php?g=Portal&m=AdminDslist&a=index&menuid=163
ERR: 1054:Unknown column 'post_date' in 'order clause'
 [ SQL语句 ] : SELECT * FROM `moqie_aboutus` ORDER BY post_date DESC LIMIT 0,20  

[ 2016-04-29T10:52:37+08:00 ] ::1 /index.php?g=Portal&m=AdminDslist&a=index&menuid=163
ERR: 模板不存在:admin/themes/simplebootx/Portal/index.html

[ 2016-04-29T11:15:22+08:00 ] ::1 /index.php?g=Portal&m=AdminPost&a=index&menuid=7
NOTIC: D方法实例化没找到模型类Portal\Model\PostsModel

[ 2016-04-29T11:42:35+08:00 ] ::1 /index.php?g=Portal&m=AdminDslist&a=index&menuid=163
ERR: 1064:You have an error in your SQL syntax; check the manual that corresponds to your MySQL server version for the right syntax to use near '' at line 1
 [ SQL语句 ] : SELECT `term_id`,`name` FROM `moqie_terms` ORDER BY term_id = 

[ 2016-04-29T11:54:01+08:00 ] ::1 /index.php?g=Portal&m=AdminPost&a=index&menuid=7
NOTIC: D方法实例化没找到模型类Portal\Model\PostsModel

[ 2016-04-29T11:54:04+08:00 ] ::1 /index.php?g=Portal&m=AdminPost&a=index&menuid=7
NOTIC: D方法实例化没找到模型类Portal\Model\PostsModel

[ 2016-04-29T14:56:40+08:00 ] ::1 /index.php?g=&m=AdminDslist&a=delete&id=1
INFO: [ app_begin ] --START--
INFO: Run Behavior\ReadHtmlCacheBehavior [ RunTime:0.000000s ]
INFO: Run Behavior\CheckLangBehavior [ RunTime:0.001000s ]
INFO: [ app_begin ] --END-- [ RunTime:0.001000s ]
SQL: SHOW COLUMNS FROM `moqie_users` [ RunTime:0.0160s ]
SQL: SELECT * FROM `moqie_users` WHERE ( id=1 ) LIMIT 1   [ RunTime:0.0020s ]
SQL: SHOW COLUMNS FROM `moqie_dslist` [ RunTime:0.0150s ]
SQL: SHOW COLUMNS FROM `moqie_terms` [ RunTime:0.0120s ]
SQL: SHOW COLUMNS FROM `moqie_term_relationships` [ RunTime:0.0070s ]
NOTIC: [8] Undefined index: tid D:\Project\moqie\ThinkCMF\application\Portal\Controller\AdminDslistController.class.php 第 138 行.

[ 2016-04-29T14:56:56+08:00 ] ::1 /index.php?g=&m=AdminDslist&a=delete&id=1&tid=1
INFO: [ app_begin ] --START--
INFO: Run Behavior\ReadHtmlCacheBehavior [ RunTime:0.001000s ]
INFO: Run Behavior\CheckLangBehavior [ RunTime:0.001000s ]
INFO: [ app_begin ] --END-- [ RunTime:0.003000s ]
SQL: SHOW COLUMNS FROM `moqie_users` [ RunTime:0.0140s ]
SQL: SELECT * FROM `moqie_users` WHERE ( id=1 ) LIMIT 1   [ RunTime:0.0020s ]
SQL: SHOW COLUMNS FROM `moqie_dslist` [ RunTime:0.0140s ]
SQL: SHOW COLUMNS FROM `moqie_terms` [ RunTime:0.0130s ]
SQL: SHOW COLUMNS FROM `moqie_term_relationships` [ RunTime:0.0130s ]
SQL: DELETE FROM `moqie_term_relationships` WHERE `tid` = 1 [ RunTime:0.0010s ]
SQL: DELETE FROM `moqie_dslist` WHERE `id` = 1 [ RunTime:0.0010s ]

[ 2016-04-29T14:56:56+08:00 ] ::1 /index.php?g=&m=AdminDemandsupplylist&a=index
ERR: 无法加载控制器:AdminDemandsupplylist

[ 2016-04-29T15:20:28+08:00 ] ::1 /index.php?g=Portal&m=AdminPost&a=index&menuid=7
NOTIC: D方法实例化没找到模型类Portal\Model\PostsModel

[ 2016-04-29T17:02:21+08:00 ] ::1 /index.php?g=&m=AdminDslist&a=detail&id=1
ERR: 模板不存在:admin/themes/simplebootx/Portal/detail.html

