[ 2016-05-05T11:00:16+08:00 ] ::1 /portal/posts/posts
ERR: Think\Controller:myorder方法不存在！

[ 2016-05-05T18:20:20+08:00 ] ::1 /index.php?g=Portal&m=AdminPost&a=index&menuid=7
NOTIC: D方法实例化没找到模型类Portal\Model\PostsModel

[ 2016-05-05T18:20:27+08:00 ] ::1 /index.php?g=&m=AdminPost&a=edit&term=&id=1
NOTIC: D方法实例化没找到模型类Portal\Model\PostsModel

[ 2016-05-05T18:20:49+08:00 ] ::1 /index.php?g=&m=AdminPost&a=edit_post
INFO: [ app_begin ] --START--
INFO: Run Behavior\ReadHtmlCacheBehavior [ RunTime:0.001000s ]
INFO: Run Behavior\CheckLangBehavior [ RunTime:0.001000s ]
INFO: [ app_begin ] --END-- [ RunTime:0.003000s ]
SQL: SHOW COLUMNS FROM `moqie_users` [ RunTime:0.0150s ]
SQL: SELECT * FROM `moqie_users` WHERE ( id=1 ) LIMIT 1   [ RunTime:0.0010s ]
NOTIC: D方法实例化没找到模型类Portal\Model\PostsModel
SQL: SHOW COLUMNS FROM `moqie_posts` [ RunTime:0.0140s ]
SQL: SHOW COLUMNS FROM `moqie_terms` [ RunTime:0.0130s ]
SQL: SHOW COLUMNS FROM `moqie_term_relationships` [ RunTime:0.0130s ]
SQL: DELETE FROM `moqie_term_relationships` WHERE `object_id` = 1 AND `term_id` NOT IN ('3') [ RunTime:0.0010s ]
SQL: SELECT COUNT(*) AS tp_count FROM `moqie_term_relationships` WHERE `object_id` = 1 AND `term_id` = '3' LIMIT 1   [ RunTime:0.0010s ]
SQL: UPDATE `moqie_term_relationships` SET `status`='1' WHERE `object_id` = 1 AND `term_id` = '3' [ RunTime:0.0010s ]
SQL: UPDATE `moqie_posts` SET `post_title`='技术测试1',`post_keywords`='zxc',`post_source`='sad',`post_excerpt`='技术测试1',`post_modified`='2000-01-01 00:00:00',`post_status`='1',`istop`='0',`recommended`='0',`post_content`='<p>技术测试1技术测试1技术测试1技术测试1技术测试1</p>',`smeta`='{\"thumb\":\"\"}' WHERE `id` = '1' [ RunTime:0.0010s ]

[ 2016-05-05T18:20:54+08:00 ] ::1 /index.php?g=&m=AdminPost&a=index
NOTIC: D方法实例化没找到模型类Portal\Model\PostsModel

[ 2016-05-05T18:20:58+08:00 ] ::1 /index.php?g=&m=AdminPost&a=edit&term=&id=2
NOTIC: D方法实例化没找到模型类Portal\Model\PostsModel

[ 2016-05-05T18:21:10+08:00 ] ::1 /index.php?g=&m=AdminPost&a=edit_post
INFO: [ app_begin ] --START--
INFO: Run Behavior\ReadHtmlCacheBehavior [ RunTime:0.001000s ]
INFO: Run Behavior\CheckLangBehavior [ RunTime:0.001000s ]
INFO: [ app_begin ] --END-- [ RunTime:0.003000s ]
SQL: SHOW COLUMNS FROM `moqie_users` [ RunTime:0.0160s ]
SQL: SELECT * FROM `moqie_users` WHERE ( id=1 ) LIMIT 1   [ RunTime:0.0020s ]
NOTIC: D方法实例化没找到模型类Portal\Model\PostsModel
SQL: SHOW COLUMNS FROM `moqie_posts` [ RunTime:0.0110s ]
SQL: SHOW COLUMNS FROM `moqie_terms` [ RunTime:0.0110s ]
SQL: SHOW COLUMNS FROM `moqie_term_relationships` [ RunTime:0.0100s ]
SQL: DELETE FROM `moqie_term_relationships` WHERE `object_id` = 2 AND `term_id` NOT IN ('3') [ RunTime:0.0010s ]
SQL: SELECT COUNT(*) AS tp_count FROM `moqie_term_relationships` WHERE `object_id` = 2 AND `term_id` = '3' LIMIT 1   [ RunTime:0.0000s ]
SQL: UPDATE `moqie_term_relationships` SET `status`='1' WHERE `object_id` = 2 AND `term_id` = '3' [ RunTime:0.0000s ]
SQL: UPDATE `moqie_posts` SET `post_title`='技术测试2',`post_keywords`='技术测试2',`post_source`='技术测试2',`post_excerpt`='技术测试2',`post_modified`='2000-01-01 00:00:00',`post_status`='1',`istop`='0',`recommended`='0',`post_content`='<p>技术测试2技术测试2技术测试2技术测试2</p>',`smeta`='{\"thumb\":\"\"}' WHERE `id` = '2' [ RunTime:0.0010s ]

[ 2016-05-05T18:21:12+08:00 ] ::1 /index.php?g=&m=AdminPost&a=index
NOTIC: D方法实例化没找到模型类Portal\Model\PostsModel

[ 2016-05-05T18:21:15+08:00 ] ::1 /portal/posts/posts
ERR: 模板不存在:themes/simplebootx/Portal/Posts/posts.html

[ 2016-05-05T18:24:08+08:00 ] ::1 /index.php?g=Portal&m=AdminPost&a=index&menuid=7
NOTIC: D方法实例化没找到模型类Portal\Model\PostsModel

[ 2016-05-05T18:25:03+08:00 ] ::1 /index.php?g=&m=AdminPost&a=add&term=
NOTIC: D方法实例化没找到模型类Portal\Model\PostsModel

