[ 2016-05-09T09:51:04+08:00 ] ::1 /index.php?g=user&m=index&a=is_login
INFO: [ app_begin ] --START--
INFO: Run Behavior\ReadHtmlCacheBehavior [ RunTime:0.001000s ]
INFO: Run Behavior\CheckLangBehavior [ RunTime:0.001000s ]
INFO: [ app_begin ] --END-- [ RunTime:0.002000s ]
NOTIC: [8] Undefined index: url D:\Project\moqie\ThinkCMF\application\Common\Controller\AppframeController.class.php 第 24 行.

[ 2016-05-09T09:51:24+08:00 ] ::1 /index.php?g=user&m=index&a=is_login
INFO: [ app_begin ] --START--
INFO: Run Behavior\ReadHtmlCacheBehavior [ RunTime:0.001001s ]
INFO: Run Behavior\CheckLangBehavior [ RunTime:0.000000s ]
INFO: [ app_begin ] --END-- [ RunTime:0.002001s ]
NOTIC: [8] Undefined index: url D:\Project\moqie\ThinkCMF\application\Common\Controller\AppframeController.class.php 第 24 行.

[ 2016-05-09T09:51:36+08:00 ] ::1 /index.php?g=user&m=index&a=is_login
INFO: [ app_begin ] --START--
INFO: Run Behavior\ReadHtmlCacheBehavior [ RunTime:0.001000s ]
INFO: Run Behavior\CheckLangBehavior [ RunTime:0.001000s ]
INFO: [ app_begin ] --END-- [ RunTime:0.002000s ]
NOTIC: [8] Undefined index: url D:\Project\moqie\ThinkCMF\application\Common\Controller\AppframeController.class.php 第 24 行.

[ 2016-05-09T09:51:49+08:00 ] ::1 /index.php?g=user&m=index&a=is_login
INFO: [ app_begin ] --START--
INFO: Run Behavior\ReadHtmlCacheBehavior [ RunTime:0.001000s ]
INFO: Run Behavior\CheckLangBehavior [ RunTime:0.000000s ]
INFO: [ app_begin ] --END-- [ RunTime:0.001000s ]
NOTIC: [8] Undefined index: url D:\Project\moqie\ThinkCMF\application\Common\Controller\AppframeController.class.php 第 24 行.

[ 2016-05-09T09:52:18+08:00 ] ::1 /index.php?g=user&m=index&a=is_login
INFO: [ app_begin ] --START--
INFO: Run Behavior\ReadHtmlCacheBehavior [ RunTime:0.000000s ]
INFO: Run Behavior\CheckLangBehavior [ RunTime:0.001001s ]
INFO: [ app_begin ] --END-- [ RunTime:0.003001s ]
NOTIC: [8] Undefined index: url D:\Project\moqie\ThinkCMF\application\Common\Controller\AppframeController.class.php 第 24 行.

[ 2016-05-09T09:52:32+08:00 ] ::1 /index.php?g=user&m=index&a=is_login
INFO: [ app_begin ] --START--
INFO: Run Behavior\ReadHtmlCacheBehavior [ RunTime:0.001000s ]
INFO: Run Behavior\CheckLangBehavior [ RunTime:0.001000s ]
INFO: [ app_begin ] --END-- [ RunTime:0.004000s ]
NOTIC: [8] Undefined index: url D:\Project\moqie\ThinkCMF\application\Common\Controller\AppframeController.class.php 第 24 行.

[ 2016-05-09T09:52:56+08:00 ] ::1 /user/c
ERR: 无法加载控制器:C

[ 2016-05-09T09:53:02+08:00 ] ::1 /user/center
ERR: 1054:Unknown column 'path' in 'where clause'
 [ SQL语句 ] : SELECT * FROM moqie_term_relationships a INNER JOIN moqie_dslist b ON a.object_id = b.id  WHERE `post_author` = '1' AND `path` LIKE '0-2-6%' ORDER BY a.listorder ASC,b.post_modified DESC LIMIT 0,2  

[ 2016-05-09T09:53:28+08:00 ] ::1 /user/center
ERR: 1054:Unknown column 'path' in 'where clause'
 [ SQL语句 ] : SELECT * FROM moqie_term_relationships a INNER JOIN moqie_dslist b ON a.object_id = b.id  WHERE `post_author` = '1' AND `path` LIKE '0-2-6%' ORDER BY a.listorder ASC,b.post_modified DESC LIMIT 0,2  

