[ 2016-05-04T09:28:32+08:00 ] ::1 /index.php?g=Admin&m=public&a=dologin
INFO: [ app_begin ] --START--
INFO: Run Behavior\ReadHtmlCacheBehavior [ RunTime:0.001000s ]
INFO: Run Behavior\CheckLangBehavior [ RunTime:0.001000s ]
INFO: [ app_begin ] --END-- [ RunTime:0.002000s ]
SQL: SHOW COLUMNS FROM `moqie_users` [ RunTime:0.0150s ]
SQL: SELECT * FROM `moqie_users` WHERE `user_login` = 'admin' LIMIT 1   [ RunTime:0.0020s ]
SQL: SHOW COLUMNS FROM `moqie_role_user` [ RunTime:0.0360s ]
SQL: SELECT `role_id` FROM moqie_role_user a INNER JOIN moqie_role as b on a.role_id =b.id  WHERE `user_id` = '1' AND `status` = 1  [ RunTime:0.0100s ]
SQL: UPDATE `moqie_users` SET `user_login`='admin',`user_pass`='###a8e846e448a270d4e83fbeff163727df',`user_nicename`='admin',`user_email`='346685825@qq.com',`user_url`='',`avatar`='',`sex`='0',`birthday`='0000-00-00',`signature`='',`last_login_ip`='0.0.0.0',`last_login_time`='2016-05-04 09:28:32',`create_time`='2016-04-26 10:38:22',`user_activation_key`='',`user_status`='1',`score`='0',`user_type`='1',`coin`='0',`mobile`='',`companyname`='',`logo`='',`company_add`='',`primarybusiness`='',`customer_groups`='',`customer_email`='',`company_status`=NULL,`address`=NULL WHERE `id` = '1' [ RunTime:0.0020s ]

[ 2016-05-04T16:56:27+08:00 ] ::1 /index.php?g=Admin&m=slidecat&a=add_post
INFO: [ app_begin ] --START--
INFO: Run Behavior\ReadHtmlCacheBehavior [ RunTime:0.000000s ]
INFO: Run Behavior\CheckLangBehavior [ RunTime:0.002001s ]
INFO: [ app_begin ] --END-- [ RunTime:0.003001s ]
SQL: SHOW COLUMNS FROM `moqie_users` [ RunTime:0.0140s ]
SQL: SELECT * FROM `moqie_users` WHERE ( id=1 ) LIMIT 1   [ RunTime:0.0010s ]
SQL: SHOW COLUMNS FROM `moqie_slide_cat` [ RunTime:0.0120s ]
NOTIC: [8] Undefined index: validate D:\Project\moqie\ThinkCMF\simplewind\Core\Library\Think\Model.class.php 第 1185 行.
NOTIC: [8] Undefined index: auto D:\Project\moqie\ThinkCMF\simplewind\Core\Library\Think\Model.class.php 第 1128 行.
SQL: INSERT INTO `moqie_slide_cat` (`cat_name`,`cat_idname`,`cat_remark`) VALUES ('首页轮播','index_lunbo','首页轮播') [ RunTime:0.0020s ]

[ 2016-05-04T16:57:11+08:00 ] ::1 /index.php?g=Admin&m=slidecat&a=add_post
INFO: [ app_begin ] --START--
INFO: Run Behavior\ReadHtmlCacheBehavior [ RunTime:0.000000s ]
INFO: Run Behavior\CheckLangBehavior [ RunTime:0.002000s ]
INFO: [ app_begin ] --END-- [ RunTime:0.003000s ]
SQL: SHOW COLUMNS FROM `moqie_users` [ RunTime:0.0140s ]
SQL: SELECT * FROM `moqie_users` WHERE ( id=1 ) LIMIT 1   [ RunTime:0.0020s ]
SQL: SHOW COLUMNS FROM `moqie_slide_cat` [ RunTime:0.0100s ]
NOTIC: [8] Undefined index: validate D:\Project\moqie\ThinkCMF\simplewind\Core\Library\Think\Model.class.php 第 1185 行.
NOTIC: [8] Undefined index: auto D:\Project\moqie\ThinkCMF\simplewind\Core\Library\Think\Model.class.php 第 1128 行.
SQL: INSERT INTO `moqie_slide_cat` (`cat_name`,`cat_idname`,`cat_remark`) VALUES ('底部广告轮播','buttom_ad','底部广告轮播') [ RunTime:0.0000s ]

[ 2016-05-04T16:57:24+08:00 ] ::1 /index.php?g=Admin&m=slide&a=edit_post
INFO: [ app_begin ] --START--
INFO: Run Behavior\ReadHtmlCacheBehavior [ RunTime:0.001000s ]
INFO: Run Behavior\CheckLangBehavior [ RunTime:0.003001s ]
INFO: [ app_begin ] --END-- [ RunTime:0.005001s ]
SQL: SHOW COLUMNS FROM `moqie_users` [ RunTime:0.0040s ]
SQL: SELECT * FROM `moqie_users` WHERE ( id=1 ) LIMIT 1   [ RunTime:0.0000s ]
SQL: SHOW COLUMNS FROM `moqie_slide` [ RunTime:0.0040s ]
SQL: SHOW COLUMNS FROM `moqie_slide_cat` [ RunTime:0.0020s ]
NOTIC: [8] Undefined index: validate D:\Project\moqie\ThinkCMF\simplewind\Core\Library\Think\Model.class.php 第 1185 行.
NOTIC: [8] Undefined index: auto D:\Project\moqie\ThinkCMF\simplewind\Core\Library\Think\Model.class.php 第 1128 行.
SQL: UPDATE `moqie_slide` SET `slide_cid`='1',`slide_name`='test',`slide_url`='http://www.baidu.com',`slide_des`='test',`slide_content`='test',`slide_pic`='/data/upload/20160503/5728552f72611.jpg' WHERE `slide_id` = '1' [ RunTime:0.0000s ]

