[ 2016-05-11T01:00:27+08:00 ] 121.42.0.17 /Admin/Images/southidc.css
ERR: 无法加载控制器:Images

[ 2016-05-11T01:00:30+08:00 ] 121.42.0.17 /Admin/Include/version.xml
ERR: 无法加载控制器:Include

[ 2016-05-11T14:44:10+08:00 ] 119.128.46.164 /index.php?g=Admin&m=public&a=dologin
INFO: [ app_begin ] --START--
INFO: Run Behavior\ReadHtmlCacheBehavior [ RunTime:0.000977s ]
INFO: Run Behavior\CheckLangBehavior [ RunTime:0.001953s ]
INFO: [ app_begin ] --END-- [ RunTime:0.004883s ]
SQL: SHOW COLUMNS FROM `moqie_users` [ RunTime:0.0059s ]
SQL: SELECT * FROM `moqie_users` WHERE `user_login` = 'admin' LIMIT 1   [ RunTime:0.0010s ]
SQL: SHOW COLUMNS FROM `moqie_role_user` [ RunTime:0.0117s ]
SQL: SELECT `role_id` FROM moqie_role_user a INNER JOIN moqie_role as b on a.role_id =b.id  WHERE `user_id` = '1' AND `status` = 1  [ RunTime:0.0400s ]
SQL: UPDATE `moqie_users` SET `user_login`='admin',`user_pass`='###a8e846e448a270d4e83fbeff163727df',`user_nicename`='admin',`user_email`='346685825@qq.com',`truename`='yhx',`user_url`='',`avatar`='',`sex`='0',`birthday`='0000-00-00',`signature`='',`last_login_ip`='119.128.46.164',`last_login_time`='2016-05-11 14:44:10',`create_time`='2016-04-26 10:38:22',`user_activation_key`='',`user_status`='1',`score`='0',`user_type`='1',`coin`='0',`mobile`='13798943323',`companyname`='天高',`logo`='',`company_add`='创刻骨',`primarybusiness`='网络',`customer_groups`='传统企业',`customer_email`='tigo@163.com',`company_status`=NULL,`address`='创刻骨',`position`='开发',`company_jianjie`='创新，向上' WHERE `id` = '1' [ RunTime:0.0010s ]

[ 2016-05-11T14:46:21+08:00 ] 119.128.46.164 /index.php?g=Admin&m=slide&a=add_post
INFO: [ app_begin ] --START--
INFO: Run Behavior\ReadHtmlCacheBehavior [ RunTime:0.000977s ]
INFO: Run Behavior\CheckLangBehavior [ RunTime:0.002929s ]
INFO: [ app_begin ] --END-- [ RunTime:0.004883s ]
SQL: SHOW COLUMNS FROM `moqie_users` [ RunTime:0.0059s ]
SQL: SELECT * FROM `moqie_users` WHERE ( id=1 ) LIMIT 1   [ RunTime:0.0000s ]
SQL: SHOW COLUMNS FROM `moqie_slide` [ RunTime:0.0059s ]
SQL: SHOW COLUMNS FROM `moqie_slide_cat` [ RunTime:0.0049s ]
NOTIC: [8] Undefined index: validate D:\test\moqie\simplewind\Core\Library\Think\Model.class.php 第 1185 行.
NOTIC: [8] Undefined index: auto D:\test\moqie\simplewind\Core\Library\Think\Model.class.php 第 1128 行.
SQL: INSERT INTO `moqie_slide` (`slide_cid`,`slide_name`,`slide_url`,`slide_des`,`slide_content`,`slide_pic`) VALUES ('2','dfgd','','','','/data/upload/20160511/5732d5377171f.jpg') [ RunTime:0.0000s ]

[ 2016-05-11T14:47:27+08:00 ] 119.128.46.164 /index.php?g=Admin&m=slide&a=add_post
INFO: [ app_begin ] --START--
INFO: Run Behavior\ReadHtmlCacheBehavior [ RunTime:0.000976s ]
INFO: Run Behavior\CheckLangBehavior [ RunTime:0.001953s ]
INFO: [ app_begin ] --END-- [ RunTime:0.003906s ]
SQL: SHOW COLUMNS FROM `moqie_users` [ RunTime:0.0059s ]
SQL: SELECT * FROM `moqie_users` WHERE ( id=1 ) LIMIT 1   [ RunTime:0.0010s ]
SQL: SHOW COLUMNS FROM `moqie_slide` [ RunTime:0.0068s ]
SQL: SHOW COLUMNS FROM `moqie_slide_cat` [ RunTime:0.0049s ]
NOTIC: [8] Undefined index: validate D:\test\moqie\simplewind\Core\Library\Think\Model.class.php 第 1185 行.
NOTIC: [8] Undefined index: auto D:\test\moqie\simplewind\Core\Library\Think\Model.class.php 第 1128 行.
SQL: INSERT INTO `moqie_slide` (`slide_cid`,`slide_name`,`slide_url`,`slide_des`,`slide_content`,`slide_pic`) VALUES ('2','cvbcvbcv','','','','/data/upload/20160511/5732d57c7ffd2.jpg') [ RunTime:0.0000s ]

